<?xml version="1.0" encoding="utf-8"?><testsuites><testsuite errors="0" failures="0" hostname="Desktops-MBP-6" name="pytest" skipped="0" tests="16" time="5.357" timestamp="2020-12-12T19:33:21.303163"><testcase classname="tests.test_balance_sheet_data.TestBalanceSheet" name="test_balance_sheet_data_returned" time="0.660" /><testcase classname="tests.test_balance_sheet_data.TestBalanceSheet" name="test_long_term_debt" time="0.478" /><testcase classname="tests.test_cash_flow.TestCashFlow" name="test_cash_flow_data_returned" time="0.330" /><testcase classname="tests.test_cash_flow.TestCashFlow" name="test_free_cash_flow" time="0.316" /><testcase classname="tests.test_cash_flow.TestCashFlow" name="test_operating_cash_flow" time="0.396" /><testcase classname="tests.test_company_profile.TestCompanyProfile" name="test_company_profile_data_returned" time="0.124" /><testcase classname="tests.test_company_profile.TestCompanyProfile" name="test_get_company_sector" time="0.121" /><testcase classname="tests.test_company_profile.TestCompanyProfile" name="test_company_details" time="0.114" /><testcase classname="tests.test_income_statement.TestIncomeStatement" name="test_income_statement_data_returned" time="0.510" /><testcase classname="tests.test_income_statement.TestIncomeStatement" name="test_net_income_data_returned" time="0.523" /><testcase classname="tests.test_statistics_data.TestStatisticsData" name="test_stock_statistical_data_returned" time="0.104" /><testcase classname="tests.test_statistics_data.TestStatisticsData" name="test_current_stock_price" time="1.115" /><testcase classname="tests.test_statistics_data.TestStatisticsData" name="test_debt_to_equity" time="0.089" /><testcase classname="tests.test_statistics_data.TestStatisticsData" name="test_return_on_equity" time="0.138" /><testcase classname="tests.test_statistics_data.TestStatisticsData" name="test_profit_margins" time="0.110" /><testcase classname="tests.test_stock_stats.TestStockStats" name="test_statistical_data_returned" time="0.093" /></testsuite></testsuites>